<?xml version="1.0" encoding="UTF-8"?>
<!-- Generated by org.testng.reporters.JUnitXMLReporter -->
<testsuite hostname="DESKTOP-9LUHGAV" ignored="0" name="RegressionTest" tests="4" failures="0" timestamp="08 Feb 2022 13:05:36 GMT" time="0.061" errors="0">
  <testcase name="@BeforeTest TestSetUp" time="0.0" classname="TestApp.AutoMationLogin">
    <failure type="java.lang.IllegalStateException" message="The driver executable does not exist: C:\Users\Moni\eclipse-workspace\Test\Driver\chromedriver.exe">
      <![CDATA[java.lang.IllegalStateException: The driver executable does not exist: C:\Users\Moni\eclipse-workspace\Test\Driver\chromedriver.exe
	at com.google.common.base.Preconditions.checkState(Preconditions.java:199)
	at org.openqa.selenium.remote.service.DriverService.checkExecutable(DriverService.java:121)
	at org.openqa.selenium.remote.service.DriverService.findExecutable(DriverService.java:116)
	at org.openqa.selenium.chrome.ChromeDriverService.access$0(ChromeDriverService.java:1)
	at org.openqa.selenium.chrome.ChromeDriverService$Builder.findDefaultExecutable(ChromeDriverService.java:137)
	at org.openqa.selenium.remote.service.DriverService$Builder.build(DriverService.java:296)
	at org.openqa.selenium.chrome.ChromeDriverService.createDefaultService(ChromeDriverService.java:88)
	at org.openqa.selenium.chrome.ChromeDriver.<init>(ChromeDriver.java:116)
	at TestApp.AutoMationLogin.TestSetUp(AutoMationLogin.java:26)
... Removed 23 stack frames]]>
    </failure>
  </testcase> <!-- @BeforeTest TestSetUp -->
  <testcase name="@BeforeTest TestSetUp" time="0.0" classname="TestApp.SausceDemoTest">
    <skipped/>
  </testcase> <!-- @BeforeTest TestSetUp -->
  <testcase name="@BeforeTest testSetup" time="0.0" classname="TestApp.YahooLogin">
    <skipped/>
  </testcase> <!-- @BeforeTest testSetup -->
  <testcase name="@AfterTest EndTest" time="0.0" classname="TestApp.AutoMationLogin">
    <skipped/>
  </testcase> <!-- @AfterTest EndTest -->
  <testcase name="@AfterTest endTest" time="0.0" classname="TestApp.SausceDemoTest">
    <skipped/>
  </testcase> <!-- @AfterTest endTest -->
  <testcase name="@AfterTest endTest" time="0.0" classname="TestApp.YahooLogin">
    <skipped/>
  </testcase> <!-- @AfterTest endTest -->
  <testcase name="SaucedemoLogin1" time="0.0" classname="TestApp.SausceDemoTest">
    <skipped/>
  </testcase> <!-- SaucedemoLogin1 -->
  <testcase name="YahooSingUp" time="0.001" classname="TestApp.YahooLogin">
    <skipped/>
  </testcase> <!-- YahooSingUp -->
  <testcase name="AutoMationSingiIn" time="0.001" classname="TestApp.AutoMationLogin">
    <skipped/>
  </testcase> <!-- AutoMationSingiIn -->
  <testcase name="AutoMationSingUp" time="0.0" classname="TestApp.AutoMationLogin">
    <skipped/>
  </testcase> <!-- AutoMationSingUp -->
</testsuite> <!-- RegressionTest -->
